.\3D GameDev Final.pdb
C:\Users\Jonathan\Desktop\3D GameDev Final\.\3D GameDev Final.exe
C:\USERS\JONATHAN\DESKTOP\3D GAMEDEV FINAL\3D GAMEDEV FINAL.EXE
C:\USERS\JONATHAN\DESKTOP\3D GAMEDEV FINAL\3D GAMEDEV FINAL.PDB
C:\USERS\JONATHAN\DESKTOP\3D GAMEDEV FINAL\RELEASE\3D GAMEDEV FINAL.EXE.INTERMEDIATE.MANIFEST
C:\Users\Jonathan\Desktop\3D GameDev Final\Release\3D GameDev Final.vcxprojResolveAssemblyReference.cache
C:\Users\Jonathan\Desktop\3D GameDev Final\Release\3D GameDev Final.write.1.tlog
C:\USERS\JONATHAN\DESKTOP\3D GAMEDEV FINAL\RELEASE\CAMERA.OBJ
C:\Users\Jonathan\Desktop\3D GameDev Final\Release\cl.command.1.tlog
C:\Users\Jonathan\Desktop\3D GameDev Final\Release\CL.read.1.tlog
C:\Users\Jonathan\Desktop\3D GameDev Final\Release\CL.write.1.tlog
C:\USERS\JONATHAN\DESKTOP\3D GAMEDEV FINAL\RELEASE\COLLISION.OBJ
C:\USERS\JONATHAN\DESKTOP\3D GAMEDEV FINAL\RELEASE\COLLISIONPLANE.OBJ
C:\USERS\JONATHAN\DESKTOP\3D GAMEDEV FINAL\RELEASE\COLLISIONSPHERE.OBJ
C:\USERS\JONATHAN\DESKTOP\3D GAMEDEV FINAL\RELEASE\GRAPHICS.OBJ
C:\Users\Jonathan\Desktop\3D GameDev Final\Release\link.command.1.tlog
C:\Users\Jonathan\Desktop\3D GameDev Final\Release\link.read.1.tlog
C:\Users\Jonathan\Desktop\3D GameDev Final\Release\link.write.1.tlog
C:\USERS\JONATHAN\DESKTOP\3D GAMEDEV FINAL\RELEASE\MAIN.OBJ
C:\Users\Jonathan\Desktop\3D GameDev Final\Release\mt.command.1.tlog
C:\Users\Jonathan\Desktop\3D GameDev Final\Release\mt.read.1.tlog
C:\Users\Jonathan\Desktop\3D GameDev Final\Release\mt.write.1.tlog
C:\USERS\JONATHAN\DESKTOP\3D GAMEDEV FINAL\RELEASE\OBJLOADER.OBJ
C:\USERS\JONATHAN\DESKTOP\3D GAMEDEV FINAL\RELEASE\VC100.PDB
C:\USERS\JONATHAN\DESKTOP\3D GAMEDEV FINAL\RELEASE\VECTOR.OBJ
